2025-01-06 16:00:52,751 - server_logger - INFO - Сервер инициализирован.
2025-01-06 16:00:52,751 - server_logger - INFO - Сервер инициализирован.
2025-01-06 16:44:54,278 - server_logger - INFO - Инициализирована база данных: lot.db
2025-01-06 16:44:54,278 - server_logger - INFO - Инициализирована база данных: lot.db
2025-01-06 16:44:54,378 - server_logger - INFO - Миграция базы данных выполнена.
2025-01-06 16:44:54,378 - server_logger - INFO - Миграция базы данных выполнена.
2025-01-06 16:44:54,378 - server_logger - INFO - Сервис базы данных инициализирован.
2025-01-06 16:44:54,378 - server_logger - INFO - Сервис базы данных инициализирован.
2025-01-06 16:45:08,166 - server_logger - INFO - Инициализирована база данных: lot.db
2025-01-06 16:45:08,166 - server_logger - INFO - Инициализирована база данных: lot.db
2025-01-06 16:45:08,168 - server_logger - INFO - Миграция базы данных выполнена.
2025-01-06 16:45:08,168 - server_logger - INFO - Миграция базы данных выполнена.
2025-01-06 16:45:08,168 - server_logger - INFO - Сервис базы данных инициализирован.
2025-01-06 16:45:08,168 - server_logger - INFO - Сервис базы данных инициализирован.
2025-01-06 16:45:08,168 - server_logger - INFO - Сервер инициализирован.
2025-01-06 16:45:08,168 - server_logger - INFO - Сервер инициализирован.
2025-01-06 16:45:08,168 - server_logger - INFO - Сервер инициализирован.
2025-01-06 16:45:08,168 - server_logger - INFO - Сервер инициализирован.
2025-01-06 16:45:08,169 - server_logger - INFO - Сервер запущен и ожидает подключения на localhost:8080.
2025-01-06 16:45:08,169 - server_logger - INFO - Сервер запущен и ожидает подключения на localhost:8080.
2025-01-06 16:45:08,169 - server_logger - INFO - Сервер запущен и ожидает подключения на localhost:8080.
2025-01-06 16:45:08,169 - server_logger - INFO - Сервер запущен и ожидает подключения на localhost:8080.
